[INFO] 07-07-2026 17:33:35 [main] LogUtils - ⚙️ Setup Environment onStart:Tue Jul 07 17:33:34 ICT 2026
[INFO] 07-07-2026 17:33:42 [main] LogUtils - ✅ Browser launched: chrome
[INFO] 07-07-2026 17:33:42 [main] LogUtils - ▶️ Start run test case: manageCustomer
[INFO] 07-07-2026 17:33:44 [main] LogUtils - Click element By.xpath: //span[normalize-space()='Customers']
[INFO] 07-07-2026 17:33:45 [main] LogUtils - Click element By.xpath: //a[normalize-space()='New Customer']
[INFO] 07-07-2026 17:33:45 [main] LogUtils - Clear text of element By.xpath: //input[@id='company']
[INFO] 07-07-2026 17:33:45 [main] LogUtils - Set text: Create customer with only required Company on element By.xpath: //input[@id='company']
[INFO] 07-07-2026 17:33:46 [main] LogUtils - Click element By.xpath: //button[contains(@class,'only-save')]
[INFO] 07-07-2026 17:33:46 [main] LogUtils - Get attribute value of element By.xpath: //input[@id='company']: Create customer with only required Company
[INFO] 07-07-2026 17:33:47 [main] LogUtils - Click element By.xpath: //span[normalize-space()='Customers']
[INFO] 07-07-2026 17:33:47 [main] LogUtils - Clear text of element By.xpath: //input[@aria-controls='clients']
[INFO] 07-07-2026 17:33:47 [main] LogUtils - Set text: Create customer with only required Company on element By.xpath: //input[@aria-controls='clients']
[INFO] 07-07-2026 17:33:50 [main] LogUtils - Move to element By.xpath: //a[normalize-space()='Create customer with only required Company']
[INFO] 07-07-2026 17:33:50 [main] LogUtils - Click element By.xpath: //a[normalize-space()='Delete']
[INFO] 07-07-2026 17:33:50 [main] LogUtils - Alert accepted.
[INFO] 07-07-2026 17:33:52 [main] LogUtils - Click element By.xpath: //button[@data-dismiss='alert']
[INFO] 07-07-2026 17:33:52 [main] LogUtils - Clear text of element By.xpath: //input[@aria-controls='clients']
[INFO] 07-07-2026 17:33:52 [main] LogUtils - Set text: Create customer with only required Company on element By.xpath: //input[@aria-controls='clients']
[INFO] 07-07-2026 17:33:52 [main] LogUtils - ✅ Test case manageCustomer is passed.
[INFO] 07-07-2026 17:33:56 [main] LogUtils - 🛑 Browser closed
[INFO] 07-07-2026 17:33:59 [main] LogUtils - ✅ Browser launched: chrome
[INFO] 07-07-2026 17:33:59 [main] LogUtils - ▶️ Start run test case: manageCustomer
[INFO] 07-07-2026 17:34:00 [main] LogUtils - Click element By.xpath: //span[normalize-space()='Customers']
[INFO] 07-07-2026 17:34:00 [main] LogUtils - Click element By.xpath: //a[normalize-space()='New Customer']
[INFO] 07-07-2026 17:34:01 [main] LogUtils - Clear text of element By.xpath: //input[@id='company']
[INFO] 07-07-2026 17:34:01 [main] LogUtils - Set text: All fields on element By.xpath: //input[@id='company']
[INFO] 07-07-2026 17:34:01 [main] LogUtils - Clear text of element By.xpath: //input[@id='vat']
[INFO] 07-07-2026 17:34:01 [main] LogUtils - Set text: 123456789 on element By.xpath: //input[@id='vat']
[INFO] 07-07-2026 17:34:01 [main] LogUtils - Clear text of element By.xpath: //input[@id='phonenumber']
[INFO] 07-07-2026 17:34:01 [main] LogUtils - Set text: 0123456789 on element By.xpath: //input[@id='phonenumber']
[INFO] 07-07-2026 17:34:01 [main] LogUtils - Clear text of element By.xpath: //input[@id='website']
[INFO] 07-07-2026 17:34:01 [main] LogUtils - Set text: https://nashtech.com.vn on element By.xpath: //input[@id='website']
[INFO] 07-07-2026 17:34:01 [main] LogUtils - Click element By.xpath: //button[@data-id='groups_in[]']
[INFO] 07-07-2026 17:34:02 [main] LogUtils - Clear text of element By.xpath: //input[@aria-controls='bs-select-1']
[INFO] 07-07-2026 17:34:02 [main] LogUtils - Set text: VIP on element By.xpath: //input[@aria-controls='bs-select-1']
[INFO] 07-07-2026 17:34:02 [main] LogUtils - Click element By.xpath: //a[normalize-space()='VIP']
[INFO] 07-07-2026 17:34:02 [main] LogUtils - Click element By.xpath: //button[@data-id='groups_in[]']
[INFO] 07-07-2026 17:34:02 [main] LogUtils - Click element By.xpath: //button[@aria-owns='bs-select-2']
[INFO] 07-07-2026 17:34:02 [main] LogUtils - Click element By.xpath: //small[contains(text(),'€')]
[INFO] 07-07-2026 17:34:02 [main] LogUtils - Click element By.xpath: //button[@aria-owns='bs-select-3']
[INFO] 07-07-2026 17:34:02 [main] LogUtils - Click element By.xpath: //span[normalize-space()='Vietnamese']
[INFO] 07-07-2026 17:34:03 [main] LogUtils - Clear text of element By.xpath: //textarea[@id='address']
[INFO] 07-07-2026 17:34:03 [main] LogUtils - Set text: 123 Street, Hanoi on element By.xpath: //textarea[@id='address']
[INFO] 07-07-2026 17:34:03 [main] LogUtils - Clear text of element By.xpath: //input[@id='city']
[INFO] 07-07-2026 17:34:03 [main] LogUtils - Set text: Hanoi on element By.xpath: //input[@id='city']
[INFO] 07-07-2026 17:34:03 [main] LogUtils - Clear text of element By.xpath: //input[@id='state']
[INFO] 07-07-2026 17:34:03 [main] LogUtils - Set text: Hoan Kiem on element By.xpath: //input[@id='state']
[INFO] 07-07-2026 17:34:03 [main] LogUtils - Clear text of element By.xpath: //input[@id='zip']
[INFO] 07-07-2026 17:34:03 [main] LogUtils - Set text: 100000 on element By.xpath: //input[@id='zip']
[INFO] 07-07-2026 17:34:03 [main] LogUtils - Click element By.xpath: //button[@aria-owns='bs-select-4']
[INFO] 07-07-2026 17:34:03 [main] LogUtils - Clear text of element By.xpath: //input[@aria-controls='bs-select-4']
[INFO] 07-07-2026 17:34:04 [main] LogUtils - Set text: Vietnam on element By.xpath: //input[@aria-controls='bs-select-4']
[INFO] 07-07-2026 17:34:04 [main] LogUtils - Click element By.xpath: //span[normalize-space()='Vietnam']
[INFO] 07-07-2026 17:34:04 [main] LogUtils - Click element By.xpath: //button[contains(@class,'only-save')]
[INFO] 07-07-2026 17:34:04 [main] LogUtils - Get attribute value of element By.xpath: //input[@id='company']: All fields
[INFO] 07-07-2026 17:34:04 [main] LogUtils - Get attribute value of element By.xpath: //input[@id='vat']: 123456789
[INFO] 07-07-2026 17:34:04 [main] LogUtils - Get attribute value of element By.xpath: //input[@id='phonenumber']: 0123456789
[INFO] 07-07-2026 17:34:05 [main] LogUtils - Get attribute value of element By.xpath: //input[@id='website']: https://nashtech.com.vn
[INFO] 07-07-2026 17:34:05 [main] LogUtils - Get attribute value of element By.xpath: //textarea[@id='address']: 123 Street, Hanoi
[INFO] 07-07-2026 17:34:05 [main] LogUtils - Get attribute value of element By.xpath: //input[@id='city']: Hanoi
[INFO] 07-07-2026 17:34:05 [main] LogUtils - Get attribute value of element By.xpath: //input[@id='state']: Hoan Kiem
[INFO] 07-07-2026 17:34:05 [main] LogUtils - Get attribute value of element By.xpath: //input[@id='zip']: 100000
[INFO] 07-07-2026 17:34:05 [main] LogUtils - Click element By.xpath: //span[normalize-space()='Customers']
[INFO] 07-07-2026 17:34:06 [main] LogUtils - Clear text of element By.xpath: //input[@aria-controls='clients']
[INFO] 07-07-2026 17:34:06 [main] LogUtils - Set text: All fields on element By.xpath: //input[@aria-controls='clients']
[INFO] 07-07-2026 17:34:09 [main] LogUtils - Move to element By.xpath: //a[normalize-space()='All fields']
[INFO] 07-07-2026 17:34:09 [main] LogUtils - Click element By.xpath: //a[normalize-space()='Delete']
[INFO] 07-07-2026 17:34:09 [main] LogUtils - Alert accepted.
[INFO] 07-07-2026 17:34:10 [main] LogUtils - Click element By.xpath: //button[@data-dismiss='alert']
[INFO] 07-07-2026 17:34:10 [main] LogUtils - Clear text of element By.xpath: //input[@aria-controls='clients']
[INFO] 07-07-2026 17:34:10 [main] LogUtils - Set text: All fields on element By.xpath: //input[@aria-controls='clients']
[INFO] 07-07-2026 17:34:10 [main] LogUtils - ✅ Test case manageCustomer is passed.
[INFO] 07-07-2026 17:34:12 [main] LogUtils - 🛑 Browser closed
[INFO] 07-07-2026 17:34:17 [main] LogUtils - ✅ Browser launched: chrome
[INFO] 07-07-2026 17:34:17 [main] LogUtils - ▶️ Start run test case: manageCustomer
[INFO] 07-07-2026 17:34:17 [main] LogUtils - Click element By.xpath: //span[normalize-space()='Customers']
[INFO] 07-07-2026 17:34:18 [main] LogUtils - Click element By.xpath: //a[normalize-space()='New Customer']
[INFO] 07-07-2026 17:34:18 [main] LogUtils - Clear text of element By.xpath: //input[@id='company']
[INFO] 07-07-2026 17:34:18 [main] LogUtils - Set text: 1 - VAT on element By.xpath: //input[@id='company']
[INFO] 07-07-2026 17:34:18 [main] LogUtils - Clear text of element By.xpath: //input[@id='vat']
[INFO] 07-07-2026 17:34:18 [main] LogUtils - Set text: 123456789 on element By.xpath: //input[@id='vat']
[INFO] 07-07-2026 17:34:19 [main] LogUtils - Click element By.xpath: //button[contains(@class,'only-save')]
[INFO] 07-07-2026 17:34:19 [main] LogUtils - Get attribute value of element By.xpath: //input[@id='company']: 1 - VAT
[INFO] 07-07-2026 17:34:19 [main] LogUtils - Get attribute value of element By.xpath: //input[@id='vat']: 123456789
[INFO] 07-07-2026 17:34:19 [main] LogUtils - Click element By.xpath: //span[normalize-space()='Customers']
[INFO] 07-07-2026 17:34:20 [main] LogUtils - Clear text of element By.xpath: //input[@aria-controls='clients']
[INFO] 07-07-2026 17:34:20 [main] LogUtils - Set text: 1 - VAT on element By.xpath: //input[@aria-controls='clients']
[INFO] 07-07-2026 17:34:23 [main] LogUtils - Move to element By.xpath: //a[normalize-space()='1 - VAT']
[INFO] 07-07-2026 17:34:23 [main] LogUtils - Click element By.xpath: //a[normalize-space()='Delete']
[INFO] 07-07-2026 17:34:23 [main] LogUtils - Alert accepted.
[INFO] 07-07-2026 17:34:24 [main] LogUtils - Click element By.xpath: //button[@data-dismiss='alert']
[INFO] 07-07-2026 17:34:24 [main] LogUtils - Clear text of element By.xpath: //input[@aria-controls='clients']
[INFO] 07-07-2026 17:34:24 [main] LogUtils - Set text: 1 - VAT on element By.xpath: //input[@aria-controls='clients']
[INFO] 07-07-2026 17:34:24 [main] LogUtils - ✅ Test case manageCustomer is passed.
[INFO] 07-07-2026 17:34:26 [main] LogUtils - 🛑 Browser closed
[INFO] 07-07-2026 17:34:30 [main] LogUtils - ✅ Browser launched: chrome
[INFO] 07-07-2026 17:34:30 [main] LogUtils - ▶️ Start run test case: manageCustomer
[INFO] 07-07-2026 17:34:31 [main] LogUtils - Click element By.xpath: //span[normalize-space()='Customers']
[INFO] 07-07-2026 17:34:31 [main] LogUtils - Click element By.xpath: //a[normalize-space()='New Customer']
[INFO] 07-07-2026 17:34:31 [main] LogUtils - Clear text of element By.xpath: //input[@id='company']
[INFO] 07-07-2026 17:34:32 [main] LogUtils - Set text: 2 - Phone on element By.xpath: //input[@id='company']
[INFO] 07-07-2026 17:34:32 [main] LogUtils - Clear text of element By.xpath: //input[@id='phonenumber']
[INFO] 07-07-2026 17:34:32 [main] LogUtils - Set text: 0123456789 on element By.xpath: //input[@id='phonenumber']
[INFO] 07-07-2026 17:34:32 [main] LogUtils - Click element By.xpath: //button[contains(@class,'only-save')]
[INFO] 07-07-2026 17:34:33 [main] LogUtils - Get attribute value of element By.xpath: //input[@id='company']: 2 - Phone
[INFO] 07-07-2026 17:34:33 [main] LogUtils - Get attribute value of element By.xpath: //input[@id='phonenumber']: 0123456789
[INFO] 07-07-2026 17:34:33 [main] LogUtils - Click element By.xpath: //span[normalize-space()='Customers']
[INFO] 07-07-2026 17:34:34 [main] LogUtils - Clear text of element By.xpath: //input[@aria-controls='clients']
[INFO] 07-07-2026 17:34:34 [main] LogUtils - Set text: 2 - Phone on element By.xpath: //input[@aria-controls='clients']
[INFO] 07-07-2026 17:34:37 [main] LogUtils - Move to element By.xpath: //a[normalize-space()='2 - Phone']
[INFO] 07-07-2026 17:34:37 [main] LogUtils - Click element By.xpath: //a[normalize-space()='Delete']
[INFO] 07-07-2026 17:34:37 [main] LogUtils - Alert accepted.
[INFO] 07-07-2026 17:34:39 [main] LogUtils - Click element By.xpath: //button[@data-dismiss='alert']
[INFO] 07-07-2026 17:34:39 [main] LogUtils - Clear text of element By.xpath: //input[@aria-controls='clients']
[INFO] 07-07-2026 17:34:39 [main] LogUtils - Set text: 2 - Phone on element By.xpath: //input[@aria-controls='clients']
[INFO] 07-07-2026 17:34:39 [main] LogUtils - ✅ Test case manageCustomer is passed.
[INFO] 07-07-2026 17:34:40 [main] LogUtils - 🛑 Browser closed
[INFO] 07-07-2026 17:34:45 [main] LogUtils - ✅ Browser launched: chrome
[INFO] 07-07-2026 17:34:45 [main] LogUtils - ▶️ Start run test case: manageCustomer
[INFO] 07-07-2026 17:34:46 [main] LogUtils - Click element By.xpath: //span[normalize-space()='Customers']
[INFO] 07-07-2026 17:34:46 [main] LogUtils - Click element By.xpath: //a[normalize-space()='New Customer']
[INFO] 07-07-2026 17:34:46 [main] LogUtils - Clear text of element By.xpath: //input[@id='company']
[INFO] 07-07-2026 17:34:47 [main] LogUtils - Set text: 3 - Website on element By.xpath: //input[@id='company']
[INFO] 07-07-2026 17:34:47 [main] LogUtils - Clear text of element By.xpath: //input[@id='website']
[INFO] 07-07-2026 17:34:47 [main] LogUtils - Set text: https://example.com on element By.xpath: //input[@id='website']
[INFO] 07-07-2026 17:34:48 [main] LogUtils - Click element By.xpath: //button[contains(@class,'only-save')]
[INFO] 07-07-2026 17:34:48 [main] LogUtils - Get attribute value of element By.xpath: //input[@id='company']: 3 - Website
[INFO] 07-07-2026 17:34:48 [main] LogUtils - Get attribute value of element By.xpath: //input[@id='website']: https://example.com
[INFO] 07-07-2026 17:34:49 [main] LogUtils - Click element By.xpath: //span[normalize-space()='Customers']
[INFO] 07-07-2026 17:34:49 [main] LogUtils - Clear text of element By.xpath: //input[@aria-controls='clients']
[INFO] 07-07-2026 17:34:49 [main] LogUtils - Set text: 3 - Website on element By.xpath: //input[@aria-controls='clients']
[INFO] 07-07-2026 17:34:52 [main] LogUtils - Move to element By.xpath: //a[normalize-space()='3 - Website']
[INFO] 07-07-2026 17:34:52 [main] LogUtils - Click element By.xpath: //a[normalize-space()='Delete']
[INFO] 07-07-2026 17:34:53 [main] LogUtils - Alert accepted.
[INFO] 07-07-2026 17:34:54 [main] LogUtils - Click element By.xpath: //button[@data-dismiss='alert']
[INFO] 07-07-2026 17:34:54 [main] LogUtils - Clear text of element By.xpath: //input[@aria-controls='clients']
[INFO] 07-07-2026 17:34:54 [main] LogUtils - Set text: 3 - Website on element By.xpath: //input[@aria-controls='clients']
[INFO] 07-07-2026 17:34:54 [main] LogUtils - ✅ Test case manageCustomer is passed.
[INFO] 07-07-2026 17:34:57 [main] LogUtils - 🛑 Browser closed
[INFO] 07-07-2026 17:35:01 [main] LogUtils - ✅ Browser launched: chrome
[INFO] 07-07-2026 17:35:01 [main] LogUtils - ▶️ Start run test case: manageCustomer
[INFO] 07-07-2026 17:35:01 [main] LogUtils - Click element By.xpath: //span[normalize-space()='Customers']
[INFO] 07-07-2026 17:35:02 [main] LogUtils - Click element By.xpath: //a[normalize-space()='New Customer']
[INFO] 07-07-2026 17:35:02 [main] LogUtils - Clear text of element By.xpath: //input[@id='company']
[INFO] 07-07-2026 17:35:02 [main] LogUtils - Set text: 4 - Group on element By.xpath: //input[@id='company']
[INFO] 07-07-2026 17:35:02 [main] LogUtils - Click element By.xpath: //button[@data-id='groups_in[]']
[INFO] 07-07-2026 17:35:02 [main] LogUtils - Clear text of element By.xpath: //input[@aria-controls='bs-select-1']
[INFO] 07-07-2026 17:35:03 [main] LogUtils - Set text: VIP on element By.xpath: //input[@aria-controls='bs-select-1']
[INFO] 07-07-2026 17:35:03 [main] LogUtils - Click element By.xpath: //a[normalize-space()='VIP']
[INFO] 07-07-2026 17:35:03 [main] LogUtils - Click element By.xpath: //button[@data-id='groups_in[]']
[INFO] 07-07-2026 17:35:03 [main] LogUtils - Click element By.xpath: //button[contains(@class,'only-save')]
[INFO] 07-07-2026 17:35:04 [main] LogUtils - Get attribute value of element By.xpath: //input[@id='company']: 4 - Group
[INFO] 07-07-2026 17:35:04 [main] LogUtils - Click element By.xpath: //span[normalize-space()='Customers']
[INFO] 07-07-2026 17:35:05 [main] LogUtils - Clear text of element By.xpath: //input[@aria-controls='clients']
[INFO] 07-07-2026 17:35:05 [main] LogUtils - Set text: 4 - Group on element By.xpath: //input[@aria-controls='clients']
[INFO] 07-07-2026 17:35:08 [main] LogUtils - Move to element By.xpath: //a[normalize-space()='4 - Group']
[INFO] 07-07-2026 17:35:08 [main] LogUtils - Click element By.xpath: //a[normalize-space()='Delete']
[INFO] 07-07-2026 17:35:08 [main] LogUtils - Alert accepted.
[INFO] 07-07-2026 17:35:10 [main] LogUtils - Click element By.xpath: //button[@data-dismiss='alert']
[INFO] 07-07-2026 17:35:10 [main] LogUtils - Clear text of element By.xpath: //input[@aria-controls='clients']
[INFO] 07-07-2026 17:35:10 [main] LogUtils - Set text: 4 - Group on element By.xpath: //input[@aria-controls='clients']
[INFO] 07-07-2026 17:35:10 [main] LogUtils - ✅ Test case manageCustomer is passed.
[INFO] 07-07-2026 17:35:11 [main] LogUtils - 🛑 Browser closed
[INFO] 07-07-2026 17:35:16 [main] LogUtils - ✅ Browser launched: chrome
[INFO] 07-07-2026 17:35:16 [main] LogUtils - ▶️ Start run test case: manageCustomer
[INFO] 07-07-2026 17:35:16 [main] LogUtils - Click element By.xpath: //span[normalize-space()='Customers']
[INFO] 07-07-2026 17:35:17 [main] LogUtils - Click element By.xpath: //a[normalize-space()='New Customer']
[INFO] 07-07-2026 17:35:17 [main] LogUtils - Clear text of element By.xpath: //input[@id='company']
[INFO] 07-07-2026 17:35:17 [main] LogUtils - Set text: 5 - Currency on element By.xpath: //input[@id='company']
[INFO] 07-07-2026 17:35:18 [main] LogUtils - Click element By.xpath: //button[@aria-owns='bs-select-2']
[INFO] 07-07-2026 17:35:18 [main] LogUtils - Click element By.xpath: //small[contains(text(),'$')]
[INFO] 07-07-2026 17:35:18 [main] LogUtils - Click element By.xpath: //button[contains(@class,'only-save')]
[INFO] 07-07-2026 17:35:18 [main] LogUtils - Get attribute value of element By.xpath: //input[@id='company']: 5 - Currency
[INFO] 07-07-2026 17:35:19 [main] LogUtils - Click element By.xpath: //span[normalize-space()='Customers']
[INFO] 07-07-2026 17:35:19 [main] LogUtils - Clear text of element By.xpath: //input[@aria-controls='clients']
[INFO] 07-07-2026 17:35:19 [main] LogUtils - Set text: 5 - Currency on element By.xpath: //input[@aria-controls='clients']
[INFO] 07-07-2026 17:35:23 [main] LogUtils - Move to element By.xpath: //a[normalize-space()='5 - Currency']
[INFO] 07-07-2026 17:35:23 [main] LogUtils - Click element By.xpath: //a[normalize-space()='Delete']
[INFO] 07-07-2026 17:35:23 [main] LogUtils - Alert accepted.
[INFO] 07-07-2026 17:35:24 [main] LogUtils - Click element By.xpath: //button[@data-dismiss='alert']
[INFO] 07-07-2026 17:35:24 [main] LogUtils - Clear text of element By.xpath: //input[@aria-controls='clients']
[INFO] 07-07-2026 17:35:24 [main] LogUtils - Set text: 5 - Currency on element By.xpath: //input[@aria-controls='clients']
[INFO] 07-07-2026 17:35:24 [main] LogUtils - ✅ Test case manageCustomer is passed.
[INFO] 07-07-2026 17:35:25 [main] LogUtils - 🛑 Browser closed
[INFO] 07-07-2026 17:35:30 [main] LogUtils - ✅ Browser launched: chrome
[INFO] 07-07-2026 17:35:30 [main] LogUtils - ▶️ Start run test case: manageCustomer
[INFO] 07-07-2026 17:35:31 [main] LogUtils - Click element By.xpath: //span[normalize-space()='Customers']
[INFO] 07-07-2026 17:35:31 [main] LogUtils - Click element By.xpath: //a[normalize-space()='New Customer']
[INFO] 07-07-2026 17:35:31 [main] LogUtils - Clear text of element By.xpath: //input[@id='company']
[INFO] 07-07-2026 17:35:31 [main] LogUtils - Set text: 6 - Language on element By.xpath: //input[@id='company']
[INFO] 07-07-2026 17:35:32 [main] LogUtils - Click element By.xpath: //button[@aria-owns='bs-select-3']
[INFO] 07-07-2026 17:35:32 [main] LogUtils - Click element By.xpath: //span[normalize-space()='English']
[INFO] 07-07-2026 17:35:32 [main] LogUtils - Click element By.xpath: //button[contains(@class,'only-save')]
[INFO] 07-07-2026 17:35:32 [main] LogUtils - Get attribute value of element By.xpath: //input[@id='company']: 6 - Language
[INFO] 07-07-2026 17:35:33 [main] LogUtils - Click element By.xpath: //span[normalize-space()='Customers']
[INFO] 07-07-2026 17:35:34 [main] LogUtils - Clear text of element By.xpath: //input[@aria-controls='clients']
[INFO] 07-07-2026 17:35:34 [main] LogUtils - Set text: 6 - Language on element By.xpath: //input[@aria-controls='clients']
[INFO] 07-07-2026 17:35:37 [main] LogUtils - Move to element By.xpath: //a[normalize-space()='6 - Language']
[INFO] 07-07-2026 17:35:37 [main] LogUtils - Click element By.xpath: //a[normalize-space()='Delete']
[INFO] 07-07-2026 17:35:37 [main] LogUtils - Alert accepted.
[INFO] 07-07-2026 17:35:38 [main] LogUtils - Click element By.xpath: //button[@data-dismiss='alert']
[INFO] 07-07-2026 17:35:38 [main] LogUtils - Clear text of element By.xpath: //input[@aria-controls='clients']
[INFO] 07-07-2026 17:35:39 [main] LogUtils - Set text: 6 - Language on element By.xpath: //input[@aria-controls='clients']
[INFO] 07-07-2026 17:35:39 [main] LogUtils - ✅ Test case manageCustomer is passed.
[INFO] 07-07-2026 17:35:40 [main] LogUtils - 🛑 Browser closed
[INFO] 07-07-2026 17:35:44 [main] LogUtils - ✅ Browser launched: chrome
[INFO] 07-07-2026 17:35:44 [main] LogUtils - ▶️ Start run test case: manageCustomer
[INFO] 07-07-2026 17:35:45 [main] LogUtils - Click element By.xpath: //span[normalize-space()='Customers']
[INFO] 07-07-2026 17:35:46 [main] LogUtils - Click element By.xpath: //a[normalize-space()='New Customer']
[INFO] 07-07-2026 17:35:46 [main] LogUtils - Clear text of element By.xpath: //input[@id='company']
[INFO] 07-07-2026 17:35:46 [main] LogUtils - Set text: 7 - Address on element By.xpath: //input[@id='company']
[INFO] 07-07-2026 17:35:46 [main] LogUtils - Clear text of element By.xpath: //textarea[@id='address']
[INFO] 07-07-2026 17:35:46 [main] LogUtils - Set text: 123 Street on element By.xpath: //textarea[@id='address']
[INFO] 07-07-2026 17:35:46 [main] LogUtils - Clear text of element By.xpath: //input[@id='city']
[INFO] 07-07-2026 17:35:46 [main] LogUtils - Set text: Hanoi on element By.xpath: //input[@id='city']
[INFO] 07-07-2026 17:35:47 [main] LogUtils - Clear text of element By.xpath: //input[@id='state']
[INFO] 07-07-2026 17:35:47 [main] LogUtils - Set text: Hoan Kiem on element By.xpath: //input[@id='state']
[INFO] 07-07-2026 17:35:47 [main] LogUtils - Clear text of element By.xpath: //input[@id='zip']
[INFO] 07-07-2026 17:35:47 [main] LogUtils - Set text: 100000 on element By.xpath: //input[@id='zip']
[INFO] 07-07-2026 17:35:47 [main] LogUtils - Click element By.xpath: //button[@aria-owns='bs-select-4']
[INFO] 07-07-2026 17:35:47 [main] LogUtils - Clear text of element By.xpath: //input[@aria-controls='bs-select-4']
[INFO] 07-07-2026 17:35:48 [main] LogUtils - Set text: Vietnam on element By.xpath: //input[@aria-controls='bs-select-4']
[INFO] 07-07-2026 17:35:48 [main] LogUtils - Click element By.xpath: //span[normalize-space()='Vietnam']
[INFO] 07-07-2026 17:35:48 [main] LogUtils - Click element By.xpath: //button[contains(@class,'only-save')]
[INFO] 07-07-2026 17:35:48 [main] LogUtils - Get attribute value of element By.xpath: //input[@id='company']: 7 - Address
[INFO] 07-07-2026 17:35:48 [main] LogUtils - Get attribute value of element By.xpath: //textarea[@id='address']: 123 Street
[INFO] 07-07-2026 17:35:49 [main] LogUtils - Get attribute value of element By.xpath: //input[@id='city']: Hanoi
[INFO] 07-07-2026 17:35:49 [main] LogUtils - Get attribute value of element By.xpath: //input[@id='state']: Hoan Kiem
[INFO] 07-07-2026 17:35:49 [main] LogUtils - Get attribute value of element By.xpath: //input[@id='zip']: 100000
[INFO] 07-07-2026 17:35:49 [main] LogUtils - Click element By.xpath: //span[normalize-space()='Customers']
[INFO] 07-07-2026 17:35:50 [main] LogUtils - Clear text of element By.xpath: //input[@aria-controls='clients']
[INFO] 07-07-2026 17:35:50 [main] LogUtils - Set text: 7 - Address on element By.xpath: //input[@aria-controls='clients']
[INFO] 07-07-2026 17:35:53 [main] LogUtils - Move to element By.xpath: //a[normalize-space()='7 - Address']
[INFO] 07-07-2026 17:35:53 [main] LogUtils - Click element By.xpath: //a[normalize-space()='Delete']
[INFO] 07-07-2026 17:35:53 [main] LogUtils - Alert accepted.
[INFO] 07-07-2026 17:35:55 [main] LogUtils - Click element By.xpath: //button[@data-dismiss='alert']
[INFO] 07-07-2026 17:35:55 [main] LogUtils - Clear text of element By.xpath: //input[@aria-controls='clients']
[INFO] 07-07-2026 17:35:55 [main] LogUtils - Set text: 7 - Address on element By.xpath: //input[@aria-controls='clients']
[INFO] 07-07-2026 17:35:55 [main] LogUtils - ✅ Test case manageCustomer is passed.
[INFO] 07-07-2026 17:35:58 [main] LogUtils - 🛑 Browser closed
[INFO] 07-07-2026 17:36:02 [main] LogUtils - ✅ Browser launched: chrome
[INFO] 07-07-2026 17:36:02 [main] LogUtils - ▶️ Start run test case: manageCustomer
[INFO] 07-07-2026 17:36:03 [main] LogUtils - Click element By.xpath: //span[normalize-space()='Customers']
[INFO] 07-07-2026 17:36:03 [main] LogUtils - Click element By.xpath: //a[normalize-space()='New Customer']
[INFO] 07-07-2026 17:36:03 [main] LogUtils - Clear text of element By.xpath: //input[@id='company']
[INFO] 07-07-2026 17:36:04 [main] LogUtils - Set text: 8 - Address + Contact on element By.xpath: //input[@id='company']
[INFO] 07-07-2026 17:36:04 [main] LogUtils - Clear text of element By.xpath: //input[@id='phonenumber']
[INFO] 07-07-2026 17:36:04 [main] LogUtils - Set text: 0987654321 on element By.xpath: //input[@id='phonenumber']
[INFO] 07-07-2026 17:36:04 [main] LogUtils - Clear text of element By.xpath: //textarea[@id='address']
[INFO] 07-07-2026 17:36:04 [main] LogUtils - Set text: 456 Nguyen Trai on element By.xpath: //textarea[@id='address']
[INFO] 07-07-2026 17:36:04 [main] LogUtils - Clear text of element By.xpath: //input[@id='city']
[INFO] 07-07-2026 17:36:04 [main] LogUtils - Set text: Hanoi on element By.xpath: //input[@id='city']
[INFO] 07-07-2026 17:36:05 [main] LogUtils - Clear text of element By.xpath: //input[@id='state']
[INFO] 07-07-2026 17:36:05 [main] LogUtils - Set text: Hoan Kiem on element By.xpath: //input[@id='state']
[INFO] 07-07-2026 17:36:05 [main] LogUtils - Clear text of element By.xpath: //input[@id='zip']
[INFO] 07-07-2026 17:36:05 [main] LogUtils - Set text: 100000 on element By.xpath: //input[@id='zip']
[INFO] 07-07-2026 17:36:06 [main] LogUtils - Click element By.xpath: //button[@aria-owns='bs-select-4']
[INFO] 07-07-2026 17:36:06 [main] LogUtils - Clear text of element By.xpath: //input[@aria-controls='bs-select-4']
[INFO] 07-07-2026 17:36:06 [main] LogUtils - Set text: Vietnam on element By.xpath: //input[@aria-controls='bs-select-4']
[INFO] 07-07-2026 17:36:06 [main] LogUtils - Click element By.xpath: //span[normalize-space()='Vietnam']
[INFO] 07-07-2026 17:36:07 [main] LogUtils - Click element By.xpath: //button[contains(@class,'only-save')]
[INFO] 07-07-2026 17:36:07 [main] LogUtils - Get attribute value of element By.xpath: //input[@id='company']: 8 - Address + Contact
[INFO] 07-07-2026 17:36:07 [main] LogUtils - Get attribute value of element By.xpath: //input[@id='phonenumber']: 0987654321
[INFO] 07-07-2026 17:36:07 [main] LogUtils - Get attribute value of element By.xpath: //textarea[@id='address']: 456 Nguyen Trai
[INFO] 07-07-2026 17:36:07 [main] LogUtils - Get attribute value of element By.xpath: //input[@id='city']: Hanoi
[INFO] 07-07-2026 17:36:07 [main] LogUtils - Get attribute value of element By.xpath: //input[@id='state']: Hoan Kiem
[INFO] 07-07-2026 17:36:07 [main] LogUtils - Get attribute value of element By.xpath: //input[@id='zip']: 100000
[INFO] 07-07-2026 17:36:08 [main] LogUtils - Click element By.xpath: //span[normalize-space()='Customers']
[INFO] 07-07-2026 17:36:09 [main] LogUtils - Clear text of element By.xpath: //input[@aria-controls='clients']
[INFO] 07-07-2026 17:36:09 [main] LogUtils - Set text: 8 - Address + Contact on element By.xpath: //input[@aria-controls='clients']
[INFO] 07-07-2026 17:36:12 [main] LogUtils - Move to element By.xpath: //a[normalize-space()='8 - Address + Contact']
[INFO] 07-07-2026 17:36:12 [main] LogUtils - Click element By.xpath: //a[normalize-space()='Delete']
[INFO] 07-07-2026 17:36:12 [main] LogUtils - Alert accepted.
[INFO] 07-07-2026 17:36:13 [main] LogUtils - Click element By.xpath: //button[@data-dismiss='alert']
[INFO] 07-07-2026 17:36:14 [main] LogUtils - Clear text of element By.xpath: //input[@aria-controls='clients']
[INFO] 07-07-2026 17:36:14 [main] LogUtils - Set text: 8 - Address + Contact on element By.xpath: //input[@aria-controls='clients']
[INFO] 07-07-2026 17:36:14 [main] LogUtils - ✅ Test case manageCustomer is passed.
[INFO] 07-07-2026 17:36:18 [main] LogUtils - 🛑 Browser closed
[INFO] 07-07-2026 17:36:22 [main] LogUtils - ✅ Browser launched: chrome
[INFO] 07-07-2026 17:36:22 [main] LogUtils - ▶️ Start run test case: manageCustomer
[INFO] 07-07-2026 17:36:23 [main] LogUtils - Click element By.xpath: //span[normalize-space()='Customers']
[INFO] 07-07-2026 17:36:23 [main] LogUtils - Click element By.xpath: //a[normalize-space()='New Customer']
[INFO] 07-07-2026 17:36:24 [main] LogUtils - Clear text of element By.xpath: //input[@id='company']
[INFO] 07-07-2026 17:36:24 [main] LogUtils - Set text: 9 - Address on element By.xpath: //input[@id='company']
[INFO] 07-07-2026 17:36:24 [main] LogUtils - Clear text of element By.xpath: //textarea[@id='address']
[INFO] 07-07-2026 17:36:24 [main] LogUtils - Set text: 123 Street on element By.xpath: //textarea[@id='address']
[INFO] 07-07-2026 17:36:24 [main] LogUtils - Click element By.xpath: //button[contains(@class,'only-save')]
[INFO] 07-07-2026 17:36:25 [main] LogUtils - Get attribute value of element By.xpath: //input[@id='company']: 9 - Address
[INFO] 07-07-2026 17:36:25 [main] LogUtils - Get attribute value of element By.xpath: //textarea[@id='address']: 123 Street
[INFO] 07-07-2026 17:36:25 [main] LogUtils - Click element By.xpath: //span[normalize-space()='Customers']
[INFO] 07-07-2026 17:36:26 [main] LogUtils - Clear text of element By.xpath: //input[@aria-controls='clients']
[INFO] 07-07-2026 17:36:26 [main] LogUtils - Set text: 9 - Address on element By.xpath: //input[@aria-controls='clients']
[INFO] 07-07-2026 17:36:29 [main] LogUtils - Move to element By.xpath: //a[normalize-space()='9 - Address']
[INFO] 07-07-2026 17:36:30 [main] LogUtils - Click element By.xpath: //a[normalize-space()='Delete']
[INFO] 07-07-2026 17:36:30 [main] LogUtils - Alert accepted.
[INFO] 07-07-2026 17:36:31 [main] LogUtils - Click element By.xpath: //button[@data-dismiss='alert']
[INFO] 07-07-2026 17:36:31 [main] LogUtils - Clear text of element By.xpath: //input[@aria-controls='clients']
[INFO] 07-07-2026 17:36:31 [main] LogUtils - Set text: 9 - Address on element By.xpath: //input[@aria-controls='clients']
[INFO] 07-07-2026 17:36:31 [main] LogUtils - ✅ Test case manageCustomer is passed.
[INFO] 07-07-2026 17:36:34 [main] LogUtils - 🛑 Browser closed
[INFO] 07-07-2026 17:36:38 [main] LogUtils - ✅ Browser launched: chrome
[INFO] 07-07-2026 17:36:38 [main] LogUtils - ▶️ Start run test case: manageCustomer
[INFO] 07-07-2026 17:36:38 [main] LogUtils - Click element By.xpath: //span[normalize-space()='Customers']
[INFO] 07-07-2026 17:36:39 [main] LogUtils - Click element By.xpath: //a[normalize-space()='New Customer']
[INFO] 07-07-2026 17:36:39 [main] LogUtils - Clear text of element By.xpath: //input[@id='company']
[INFO] 07-07-2026 17:36:39 [main] LogUtils - Set text: 10 - City on element By.xpath: //input[@id='company']
[INFO] 07-07-2026 17:36:39 [main] LogUtils - Clear text of element By.xpath: //input[@id='city']
[INFO] 07-07-2026 17:36:39 [main] LogUtils - Set text: Hanoi on element By.xpath: //input[@id='city']
[INFO] 07-07-2026 17:36:40 [main] LogUtils - Click element By.xpath: //button[contains(@class,'only-save')]
[INFO] 07-07-2026 17:36:40 [main] LogUtils - Get attribute value of element By.xpath: //input[@id='company']: 10 - City
[INFO] 07-07-2026 17:36:40 [main] LogUtils - Get attribute value of element By.xpath: //input[@id='city']: Hanoi
[INFO] 07-07-2026 17:36:41 [main] LogUtils - Click element By.xpath: //span[normalize-space()='Customers']
[INFO] 07-07-2026 17:36:41 [main] LogUtils - Clear text of element By.xpath: //input[@aria-controls='clients']
[INFO] 07-07-2026 17:36:42 [main] LogUtils - Set text: 10 - City on element By.xpath: //input[@aria-controls='clients']
[INFO] 07-07-2026 17:36:45 [main] LogUtils - Move to element By.xpath: //a[normalize-space()='10 - City']
[INFO] 07-07-2026 17:36:45 [main] LogUtils - Click element By.xpath: //a[normalize-space()='Delete']
[INFO] 07-07-2026 17:36:45 [main] LogUtils - Alert accepted.
[INFO] 07-07-2026 17:36:46 [main] LogUtils - Click element By.xpath: //button[@data-dismiss='alert']
[INFO] 07-07-2026 17:36:46 [main] LogUtils - Clear text of element By.xpath: //input[@aria-controls='clients']
[INFO] 07-07-2026 17:36:46 [main] LogUtils - Set text: 10 - City on element By.xpath: //input[@aria-controls='clients']
[INFO] 07-07-2026 17:36:46 [main] LogUtils - ✅ Test case manageCustomer is passed.
[INFO] 07-07-2026 17:36:48 [main] LogUtils - 🛑 Browser closed
[INFO] 07-07-2026 17:36:52 [main] LogUtils - ✅ Browser launched: chrome
[INFO] 07-07-2026 17:36:52 [main] LogUtils - ▶️ Start run test case: manageCustomer
[INFO] 07-07-2026 17:36:53 [main] LogUtils - Click element By.xpath: //span[normalize-space()='Customers']
[INFO] 07-07-2026 17:36:54 [main] LogUtils - Click element By.xpath: //a[normalize-space()='New Customer']
[INFO] 07-07-2026 17:36:54 [main] LogUtils - Clear text of element By.xpath: //input[@id='company']
[INFO] 07-07-2026 17:36:54 [main] LogUtils - Set text: 11 - State on element By.xpath: //input[@id='company']
[INFO] 07-07-2026 17:36:54 [main] LogUtils - Clear text of element By.xpath: //input[@id='state']
[INFO] 07-07-2026 17:36:54 [main] LogUtils - Set text: Hoan Kiem on element By.xpath: //input[@id='state']
[INFO] 07-07-2026 17:36:55 [main] LogUtils - Click element By.xpath: //button[contains(@class,'only-save')]
[INFO] 07-07-2026 17:36:55 [main] LogUtils - Get attribute value of element By.xpath: //input[@id='company']: 11 - State
[INFO] 07-07-2026 17:36:55 [main] LogUtils - Get attribute value of element By.xpath: //input[@id='state']: Hoan Kiem
[INFO] 07-07-2026 17:36:56 [main] LogUtils - Click element By.xpath: //span[normalize-space()='Customers']
[INFO] 07-07-2026 17:36:56 [main] LogUtils - Clear text of element By.xpath: //input[@aria-controls='clients']
[INFO] 07-07-2026 17:36:56 [main] LogUtils - Set text: 11 - State on element By.xpath: //input[@aria-controls='clients']
[INFO] 07-07-2026 17:37:00 [main] LogUtils - Move to element By.xpath: //a[normalize-space()='11 - State']
[INFO] 07-07-2026 17:37:00 [main] LogUtils - Click element By.xpath: //a[normalize-space()='Delete']
[INFO] 07-07-2026 17:37:00 [main] LogUtils - Alert accepted.
[INFO] 07-07-2026 17:37:01 [main] LogUtils - Click element By.xpath: //button[@data-dismiss='alert']
[INFO] 07-07-2026 17:37:01 [main] LogUtils - Clear text of element By.xpath: //input[@aria-controls='clients']
[INFO] 07-07-2026 17:37:01 [main] LogUtils - Set text: 11 - State on element By.xpath: //input[@aria-controls='clients']
[INFO] 07-07-2026 17:37:01 [main] LogUtils - ✅ Test case manageCustomer is passed.
[INFO] 07-07-2026 17:37:05 [main] LogUtils - 🛑 Browser closed
[INFO] 07-07-2026 17:37:08 [main] LogUtils - ✅ Browser launched: chrome
[INFO] 07-07-2026 17:37:08 [main] LogUtils - ▶️ Start run test case: manageCustomer
[INFO] 07-07-2026 17:37:09 [main] LogUtils - Click element By.xpath: //span[normalize-space()='Customers']
[INFO] 07-07-2026 17:37:10 [main] LogUtils - Click element By.xpath: //a[normalize-space()='New Customer']
[INFO] 07-07-2026 17:37:10 [main] LogUtils - Clear text of element By.xpath: //input[@id='company']
[INFO] 07-07-2026 17:37:10 [main] LogUtils - Set text: 12 - Zip on element By.xpath: //input[@id='company']
[INFO] 07-07-2026 17:37:10 [main] LogUtils - Clear text of element By.xpath: //input[@id='zip']
[INFO] 07-07-2026 17:37:10 [main] LogUtils - Set text: 100000 on element By.xpath: //input[@id='zip']
[INFO] 07-07-2026 17:37:11 [main] LogUtils - Click element By.xpath: //button[contains(@class,'only-save')]
[INFO] 07-07-2026 17:37:12 [main] LogUtils - Get attribute value of element By.xpath: //input[@id='company']: 12 - Zip
[INFO] 07-07-2026 17:37:12 [main] LogUtils - Get attribute value of element By.xpath: //input[@id='zip']: 100000
[INFO] 07-07-2026 17:37:12 [main] LogUtils - Click element By.xpath: //span[normalize-space()='Customers']
[INFO] 07-07-2026 17:37:12 [main] LogUtils - Clear text of element By.xpath: //input[@aria-controls='clients']
[INFO] 07-07-2026 17:37:13 [main] LogUtils - Set text: 12 - Zip on element By.xpath: //input[@aria-controls='clients']
[INFO] 07-07-2026 17:37:16 [main] LogUtils - Move to element By.xpath: //a[normalize-space()='12 - Zip']
[INFO] 07-07-2026 17:37:16 [main] LogUtils - Click element By.xpath: //a[normalize-space()='Delete']
[INFO] 07-07-2026 17:37:16 [main] LogUtils - Alert accepted.
[INFO] 07-07-2026 17:37:17 [main] LogUtils - Click element By.xpath: //button[@data-dismiss='alert']
[INFO] 07-07-2026 17:37:17 [main] LogUtils - Clear text of element By.xpath: //input[@aria-controls='clients']
[INFO] 07-07-2026 17:37:17 [main] LogUtils - Set text: 12 - Zip on element By.xpath: //input[@aria-controls='clients']
[INFO] 07-07-2026 17:37:17 [main] LogUtils - ✅ Test case manageCustomer is passed.
[INFO] 07-07-2026 17:37:20 [main] LogUtils - 🛑 Browser closed
[INFO] 07-07-2026 17:37:24 [main] LogUtils - ✅ Browser launched: chrome
[INFO] 07-07-2026 17:37:24 [main] LogUtils - ▶️ Start run test case: manageCustomer
[INFO] 07-07-2026 17:37:25 [main] LogUtils - Click element By.xpath: //span[normalize-space()='Customers']
[INFO] 07-07-2026 17:37:25 [main] LogUtils - Click element By.xpath: //a[normalize-space()='New Customer']
[INFO] 07-07-2026 17:37:25 [main] LogUtils - Clear text of element By.xpath: //input[@id='company']
[INFO] 07-07-2026 17:37:26 [main] LogUtils - Set text: 13 - Country on element By.xpath: //input[@id='company']
[INFO] 07-07-2026 17:37:26 [main] LogUtils - Click element By.xpath: //button[@aria-owns='bs-select-4']
[INFO] 07-07-2026 17:37:26 [main] LogUtils - Clear text of element By.xpath: //input[@aria-controls='bs-select-4']
[INFO] 07-07-2026 17:37:26 [main] LogUtils - Set text: Vietnam on element By.xpath: //input[@aria-controls='bs-select-4']
[INFO] 07-07-2026 17:37:26 [main] LogUtils - Click element By.xpath: //span[normalize-space()='Vietnam']
[INFO] 07-07-2026 17:37:27 [main] LogUtils - Click element By.xpath: //button[contains(@class,'only-save')]
[INFO] 07-07-2026 17:37:27 [main] LogUtils - Get attribute value of element By.xpath: //input[@id='company']: 13 - Country
[INFO] 07-07-2026 17:37:27 [main] LogUtils - Click element By.xpath: //span[normalize-space()='Customers']
[INFO] 07-07-2026 17:37:28 [main] LogUtils - Clear text of element By.xpath: //input[@aria-controls='clients']
[INFO] 07-07-2026 17:37:28 [main] LogUtils - Set text: 13 - Country on element By.xpath: //input[@aria-controls='clients']
[INFO] 07-07-2026 17:37:31 [main] LogUtils - Move to element By.xpath: //a[normalize-space()='13 - Country']
[INFO] 07-07-2026 17:37:32 [main] LogUtils - Click element By.xpath: //a[normalize-space()='Delete']
[INFO] 07-07-2026 17:37:32 [main] LogUtils - Alert accepted.
[INFO] 07-07-2026 17:37:33 [main] LogUtils - Click element By.xpath: //button[@data-dismiss='alert']
[INFO] 07-07-2026 17:37:33 [main] LogUtils - Clear text of element By.xpath: //input[@aria-controls='clients']
[INFO] 07-07-2026 17:37:33 [main] LogUtils - Set text: 13 - Country on element By.xpath: //input[@aria-controls='clients']
[INFO] 07-07-2026 17:37:33 [main] LogUtils - ✅ Test case manageCustomer is passed.
[INFO] 07-07-2026 17:37:36 [main] LogUtils - 🛑 Browser closed
[INFO] 07-07-2026 17:37:40 [main] LogUtils - ✅ Browser launched: chrome
[INFO] 07-07-2026 17:37:40 [main] LogUtils - ▶️ Start run test case: manageCustomer
[INFO] 07-07-2026 17:37:41 [main] LogUtils - Click element By.xpath: //span[normalize-space()='Customers']
[INFO] 07-07-2026 17:37:41 [main] LogUtils - Click element By.xpath: //a[normalize-space()='New Customer']
[INFO] 07-07-2026 17:37:41 [main] LogUtils - Clear text of element By.xpath: //input[@id='phonenumber']
[INFO] 07-07-2026 17:37:42 [main] LogUtils - Set text: 0123456789 on element By.xpath: //input[@id='phonenumber']
[INFO] 07-07-2026 17:37:42 [main] LogUtils - Click element By.xpath: //button[contains(@class,'only-save')]
[INFO] 07-07-2026 17:37:42 [main] LogUtils - Element By.xpath: //p[@id='company-error'] is displayed: true
[INFO] 07-07-2026 17:37:42 [main] LogUtils - Get text of element By.xpath: //p[@id='company-error']: This field is required.
[INFO] 07-07-2026 17:37:42 [main] LogUtils - ✅ Test case manageCustomer is passed.
[INFO] 07-07-2026 17:37:43 [main] LogUtils - 🛑 Browser closed
[INFO] 07-07-2026 17:37:44 [main] LogUtils - End test: Tue Jul 07 17:37:44 ICT 2026
[INFO] 07-07-2026 17:37:44 [main] LogUtils - ⭐ Test Total: 16
[INFO] 07-07-2026 17:37:44 [main] LogUtils - ⭐ Test Passed Total: 16
[INFO] 07-07-2026 17:37:44 [main] LogUtils - ⭐ Test Failed Total: 0
[INFO] 07-07-2026 17:37:44 [main] LogUtils - ⭐ Test Skipped Total: 0
